0 info it worked if it ends with ok
1 verbose cli [ '/home/morpheyesh/software/node/bin/node',
1 verbose cli   '/home/morpheyesh/software/node/bin/npm',
1 verbose cli   'start' ]
2 info using npm@1.3.21
3 info using node@v0.10.24
4 verbose run-script [ 'prestart', 'start', 'poststart' ]
5 info prestart ghost@0.5.1
6 info start ghost@0.5.1
7 verbose unsafe-perm in lifecycle true
8 info ghost@0.5.1 Failed to exec start script
9 error ghost@0.5.1 start: `node index`
9 error Exit status 8
10 error Failed at the ghost@0.5.1 start script.
10 error This is most likely a problem with the ghost package,
10 error not with npm itself.
10 error Tell the author that this fails on your system:
10 error     node index
10 error You can get their info via:
10 error     npm owner ls ghost
10 error There is likely additional logging output above.
11 error System Linux 3.11.0-24-generic
12 error command "/home/morpheyesh/software/node/bin/node" "/home/morpheyesh/software/node/bin/npm" "start"
13 error cwd /home/morpheyesh/debugall/ghost
14 error node -v v0.10.24
15 error npm -v 1.3.21
16 error code ELIFECYCLE
17 verbose exit [ 1, true ]
